
!ENTRY org.eclipse.ui.ide 4 4 2014-07-08 21:31:31.393
!MESSAGE Problems saving workspace

!ENTRY org.eclipse.ui.ide 4 1 2014-07-08 21:31:31.394
!MESSAGE Problems occurred while trying to save the state of the workbench.
!SUBENTRY 1 org.eclipse.core.resources 4 568 2014-07-08 21:31:31.394
!MESSAGE Could not write workspace metadata '/Users/cob_macpro/Documents/NEXT/1학년 2학기/JAVA/workspace/.metadata/.plugins/org.eclipse.core.resources/.root/1.tree'.
!STACK 0
java.io.FileNotFoundException: /Users/cob_macpro/Documents/NEXT/1학년 2학기/JAVA/workspace/.metadata/.plugins/org.eclipse.core.resources/.root/1.tree (No such file or directory)
	at java.io.FileOutputStream.open(Native Method)
	at java.io.FileOutputStream.<init>(FileOutputStream.java:206)
	at java.io.FileOutputStream.<init>(FileOutputStream.java:156)
	at org.eclipse.core.internal.localstore.SafeFileOutputStream.<init>(SafeFileOutputStream.java:51)
	at org.eclipse.core.internal.resources.SaveManager.saveTree(SaveManager.java:1353)
	at org.eclipse.core.internal.resources.SaveManager.save(SaveManager.java:1135)
	at org.eclipse.core.internal.resources.Workspace.save(Workspace.java:2344)
	at org.eclipse.ui.internal.ide.application.IDEWorkbenchAdvisor$5.run(IDEWorkbenchAdvisor.java:509)
	at org.eclipse.jface.operation.ModalContext$ModalContextThread.run(ModalContext.java:122)
!SESSION 2014-07-08 21:31:43.683 -----------------------------------------------
eclipse.buildId=4.4.0.I20140606-1215
java.version=1.8.0_05
java.vendor=Oracle Corporation
BootLoader constants: OS=macosx, ARCH=x86_64, WS=cocoa, NL=ko_KR
Framework arguments:  -product org.eclipse.epp.package.java.product -keyring /Users/cob_macpro/.eclipse_keyring -showlocation
Command-line arguments:  -os macosx -ws cocoa -arch x86_64 -product org.eclipse.epp.package.java.product -keyring /Users/cob_macpro/.eclipse_keyring -showlocation

!ENTRY org.eclipse.core.net 1 0 2014-07-08 21:31:56.499
!MESSAGE System property http.nonProxyHosts has been set to local|*.local|169.254/16|*.169.254/16 by an external source. This value will be overwritten using the values from the preferences
!SESSION 2014-07-09 14:56:41.540 -----------------------------------------------
eclipse.buildId=4.4.0.I20140606-1215
java.version=1.8.0_05
java.vendor=Oracle Corporation
BootLoader constants: OS=macosx, ARCH=x86_64, WS=cocoa, NL=ko_KR
Framework arguments:  -product org.eclipse.epp.package.java.product -keyring /Users/cob_macpro/.eclipse_keyring -showlocation
Command-line arguments:  -os macosx -ws cocoa -arch x86_64 -product org.eclipse.epp.package.java.product -keyring /Users/cob_macpro/.eclipse_keyring -showlocation

!ENTRY org.eclipse.core.net 1 0 2014-07-09 14:57:00.063
!MESSAGE System property http.nonProxyHosts has been set to local|*.local|169.254/16|*.169.254/16 by an external source. This value will be overwritten using the values from the preferences

!ENTRY org.eclipse.jface 2 0 2014-07-09 15:25:19.650
!MESSAGE Keybinding conflicts occurred.  They may interfere with normal accelerator operation.
!SUBENTRY 1 org.eclipse.jface 2 0 2014-07-09 15:25:19.650
!MESSAGE A conflict occurred for COMMAND+W:
Binding(COMMAND+W,
	ParameterizedCommand(Command(org.eclipse.ui.file.close,Close,
		Close the active editor,
		Category(org.eclipse.ui.category.file,File,null,true),
		org.eclipse.ui.internal.WorkbenchHandlerServiceHandler@bda763e,
		,,true),null),
	org.eclipse.ui.defaultAcceleratorConfiguration,
	org.eclipse.ui.contexts.window,,,system)
Binding(COMMAND+W,
	ParameterizedCommand(Command(org.eclipse.ui.cocoa.closeDialog,Close Dialog,
		Closes the active Dialog,
		Category(org.eclipse.ui.category.window,Window,null,true),
		org.eclipse.ui.internal.WorkbenchHandlerServiceHandler@285836c9,
		,,true),null),
	org.eclipse.ui.defaultAcceleratorConfiguration,
	org.eclipse.ui.contexts.dialog,,,system)
!SESSION 2014-07-11 10:55:52.820 -----------------------------------------------
eclipse.buildId=4.4.0.I20140606-1215
java.version=1.8.0_05
java.vendor=Oracle Corporation
BootLoader constants: OS=macosx, ARCH=x86_64, WS=cocoa, NL=ko_KR
Framework arguments:  -product org.eclipse.epp.package.java.product -keyring /Users/cob_macpro/.eclipse_keyring -showlocation
Command-line arguments:  -os macosx -ws cocoa -arch x86_64 -product org.eclipse.epp.package.java.product -keyring /Users/cob_macpro/.eclipse_keyring -showlocation

!ENTRY org.eclipse.core.net 1 0 2014-07-11 10:56:08.285
!MESSAGE System property http.nonProxyHosts has been set to local|*.local|169.254/16|*.169.254/16 by an external source. This value will be overwritten using the values from the preferences
!SESSION 2014-07-14 18:24:15.295 -----------------------------------------------
eclipse.buildId=4.4.0.I20140606-1215
java.version=1.8.0_05
java.vendor=Oracle Corporation
BootLoader constants: OS=macosx, ARCH=x86_64, WS=cocoa, NL=ko_KR
Framework arguments:  -product org.eclipse.epp.package.java.product -keyring /Users/cob_macpro/.eclipse_keyring -showlocation
Command-line arguments:  -os macosx -ws cocoa -arch x86_64 -product org.eclipse.epp.package.java.product -keyring /Users/cob_macpro/.eclipse_keyring -showlocation

!ENTRY org.eclipse.core.net 1 0 2014-07-14 18:24:41.103
!MESSAGE System property http.nonProxyHosts has been set to local|*.local|169.254/16|*.169.254/16 by an external source. This value will be overwritten using the values from the preferences
!SESSION 2014-07-16 15:21:58.156 -----------------------------------------------
eclipse.buildId=4.4.0.I20140606-1215
java.version=1.8.0_05
java.vendor=Oracle Corporation
BootLoader constants: OS=macosx, ARCH=x86_64, WS=cocoa, NL=ko_KR
Framework arguments:  -product org.eclipse.epp.package.java.product -keyring /Users/cob_macpro/.eclipse_keyring -showlocation
Command-line arguments:  -os macosx -ws cocoa -arch x86_64 -product org.eclipse.epp.package.java.product -keyring /Users/cob_macpro/.eclipse_keyring -showlocation

!ENTRY org.eclipse.core.net 1 0 2014-07-16 15:22:14.047
!MESSAGE System property http.nonProxyHosts has been set to local|*.local|169.254/16|*.169.254/16 by an external source. This value will be overwritten using the values from the preferences

!ENTRY org.eclipse.jface 2 0 2014-07-16 16:30:09.513
!MESSAGE Keybinding conflicts occurred.  They may interfere with normal accelerator operation.
!SUBENTRY 1 org.eclipse.jface 2 0 2014-07-16 16:30:09.513
!MESSAGE A conflict occurred for ALT+ARROW_DOWN:
Binding(ALT+ARROW_DOWN,
	ParameterizedCommand(Command(org.eclipse.mylyn.tasks.ui.command.goToNextUnread,Go To Next Unread Task,
		,
		Category(org.eclipse.ui.category.navigate,Navigate,null,true),
		org.eclipse.ui.internal.WorkbenchHandlerServiceHandler@47fca3cc,
		,,true),null),
	org.eclipse.ui.defaultAcceleratorConfiguration,
	org.eclipse.mylyn.tasks.ui.views.tasks,,,system)
Binding(ALT+ARROW_DOWN,
	ParameterizedCommand(Command(org.eclipse.ui.edit.text.moveLineDown,Move Lines Down,
		Moves the selected lines down,
		Category(org.eclipse.ui.category.textEditor,Text Editing,Text Editing Commands,true),
		org.eclipse.ui.internal.WorkbenchHandlerServiceHandler@114b28ee,
		,,true),null),
	org.eclipse.ui.defaultAcceleratorConfiguration,
	org.eclipse.ui.textEditorScope,,,system)
!SUBENTRY 1 org.eclipse.jface 2 0 2014-07-16 16:30:09.513
!MESSAGE A conflict occurred for INSERT:
Binding(INSERT,
	ParameterizedCommand(Command(org.eclipse.mylyn.tasks.ui.command.new.local.task,New Local Task,
		,
		Category(org.eclipse.mylyn.tasks.ui.commands,Task Repositories,null,true),
		org.eclipse.ui.internal.WorkbenchHandlerServiceHandler@107d6bd8,
		,,true),null),
	org.eclipse.ui.defaultAcceleratorConfiguration,
	org.eclipse.mylyn.tasks.ui.views.tasks,,,system)
Binding(INSERT,
	ParameterizedCommand(Command(org.eclipse.ui.edit.text.toggleOverwrite,Toggle Overwrite,
		Toggle overwrite mode,
		Category(org.eclipse.ui.category.textEditor,Text Editing,Text Editing Commands,true),
		org.eclipse.ui.internal.WorkbenchHandlerServiceHandler@6df09fb3,
		,,true),null),
	org.eclipse.ui.defaultAcceleratorConfiguration,
	org.eclipse.ui.textEditorScope,,,system)
!SUBENTRY 1 org.eclipse.jface 2 0 2014-07-16 16:30:09.513
!MESSAGE A conflict occurred for ALT+ARROW_UP:
Binding(ALT+ARROW_UP,
	ParameterizedCommand(Command(org.eclipse.mylyn.tasks.ui.command.goToPreviousUnread,Go To Previous Unread Task,
		,
		Category(org.eclipse.ui.category.navigate,Navigate,null,true),
		org.eclipse.ui.internal.WorkbenchHandlerServiceHandler@49d979c4,
		,,true),null),
	org.eclipse.ui.defaultAcceleratorConfiguration,
	org.eclipse.mylyn.tasks.ui.views.tasks,,,system)
Binding(ALT+ARROW_UP,
	ParameterizedCommand(Command(org.eclipse.ui.edit.text.moveLineUp,Move Lines Up,
		Moves the selected lines up,
		Category(org.eclipse.ui.category.textEditor,Text Editing,Text Editing Commands,true),
		org.eclipse.ui.internal.WorkbenchHandlerServiceHandler@3ac620ef,
		,,true),null),
	org.eclipse.ui.defaultAcceleratorConfiguration,
	org.eclipse.ui.textEditorScope,,,system)
!SESSION 2014-07-17 13:24:33.163 -----------------------------------------------
eclipse.buildId=4.4.0.I20140606-1215
java.version=1.8.0_05
java.vendor=Oracle Corporation
BootLoader constants: OS=macosx, ARCH=x86_64, WS=cocoa, NL=ko_KR
Framework arguments:  -product org.eclipse.epp.package.java.product -keyring /Users/cob_macpro/.eclipse_keyring -showlocation
Command-line arguments:  -os macosx -ws cocoa -arch x86_64 -product org.eclipse.epp.package.java.product -keyring /Users/cob_macpro/.eclipse_keyring -showlocation

!ENTRY org.eclipse.core.net 1 0 2014-07-17 13:24:51.681
!MESSAGE System property http.nonProxyHosts has been set to local|*.local|169.254/16|*.169.254/16 by an external source. This value will be overwritten using the values from the preferences
!SESSION 2014-07-18 03:25:54.527 -----------------------------------------------
eclipse.buildId=4.4.0.I20140606-1215
java.version=1.8.0_05
java.vendor=Oracle Corporation
BootLoader constants: OS=macosx, ARCH=x86_64, WS=cocoa, NL=ko_KR
Framework arguments:  -product org.eclipse.epp.package.java.product -keyring /Users/cob_macpro/.eclipse_keyring -showlocation
Command-line arguments:  -os macosx -ws cocoa -arch x86_64 -product org.eclipse.epp.package.java.product -keyring /Users/cob_macpro/.eclipse_keyring -showlocation

!ENTRY org.eclipse.core.net 1 0 2014-07-18 03:26:12.614
!MESSAGE System property http.nonProxyHosts has been set to local|*.local|169.254/16|*.169.254/16 by an external source. This value will be overwritten using the values from the preferences
!SESSION 2014-07-18 06:20:06.402 -----------------------------------------------
eclipse.buildId=4.4.0.I20140606-1215
java.version=1.8.0_05
java.vendor=Oracle Corporation
BootLoader constants: OS=macosx, ARCH=x86_64, WS=cocoa, NL=ko_KR
Framework arguments:  -product org.eclipse.epp.package.java.product -keyring /Users/cob_macpro/.eclipse_keyring -showlocation
Command-line arguments:  -os macosx -ws cocoa -arch x86_64 -product org.eclipse.epp.package.java.product -keyring /Users/cob_macpro/.eclipse_keyring -showlocation

!ENTRY org.eclipse.core.net 1 0 2014-07-18 06:20:18.007
!MESSAGE System property http.nonProxyHosts has been set to local|*.local|169.254/16|*.169.254/16 by an external source. This value will be overwritten using the values from the preferences
<<<<<<< HEAD
!SESSION 2014-07-19 19:45:08.913 -----------------------------------------------
=======
!SESSION 2014-07-19 17:15:12.765 -----------------------------------------------
>>>>>>> master
eclipse.buildId=4.4.0.I20140606-1215
java.version=1.8.0_05
java.vendor=Oracle Corporation
BootLoader constants: OS=macosx, ARCH=x86_64, WS=cocoa, NL=ko_KR
Framework arguments:  -product org.eclipse.epp.package.java.product -keyring /Users/cob_macpro/.eclipse_keyring -showlocation
Command-line arguments:  -os macosx -ws cocoa -arch x86_64 -product org.eclipse.epp.package.java.product -keyring /Users/cob_macpro/.eclipse_keyring -showlocation

<<<<<<< HEAD
!ENTRY org.eclipse.core.net 1 0 2014-07-19 19:45:17.217
!MESSAGE System property http.nonProxyHosts has been set to local|*.local|169.254/16|*.169.254/16 by an external source. This value will be overwritten using the values from the preferences
!SESSION 2014-07-19 19:52:05.304 -----------------------------------------------
eclipse.buildId=4.4.0.I20140606-1215
java.version=1.8.0_05
java.vendor=Oracle Corporation
BootLoader constants: OS=macosx, ARCH=x86_64, WS=cocoa, NL=ko_KR
Framework arguments:  -product org.eclipse.epp.package.java.product -keyring /Users/cob_macpro/.eclipse_keyring -showlocation
Command-line arguments:  -os macosx -ws cocoa -arch x86_64 -product org.eclipse.epp.package.java.product -keyring /Users/cob_macpro/.eclipse_keyring -showlocation

!ENTRY org.eclipse.core.net 1 0 2014-07-19 19:52:12.860
=======
!ENTRY org.eclipse.core.net 1 0 2014-07-19 17:15:33.154
>>>>>>> master
!MESSAGE System property http.nonProxyHosts has been set to local|*.local|169.254/16|*.169.254/16 by an external source. This value will be overwritten using the values from the preferences
